<?xml version="1.0" encoding="UTF-8"?>
<!-- Generated by org.testng.reporters.JUnitReportReporter -->
<testsuite hostname="DESKTOP-QVM6J4J" failures="0" tests="1" name="com.Test.Test2" time="2.774" errors="0" timestamp="2022-10-30T20:34:45 IST" skipped="0">
  <testcase classname="com.Test.Test2" name="test2" time="2.774"/>
  <system-out/>
</testsuite> <!-- com.Test.Test2 -->
